TN:
SF:src/server.ts
FN:18,(anonymous_1)
FNF:1
FNH:1
FNDA:1,(anonymous_1)
DA:1,1
DA:2,1
DA:3,1
DA:4,1
DA:5,1
DA:6,1
DA:8,1
DA:9,1
DA:10,1
DA:11,1
DA:13,1
DA:15,1
DA:17,1
DA:18,1
DA:19,1
DA:22,1
LF:16
LH:16
BRF:0
BRH:0
end_of_record
TN:
SF:src/helpers/index.ts
FN:11,(anonymous_1)
FN:11,(anonymous_2)
FN:6,(anonymous_3)
FNF:3
FNH:3
FNDA:1,(anonymous_1)
FNDA:2,(anonymous_2)
FNDA:1,(anonymous_3)
DA:1,1
DA:2,1
DA:4,1
DA:6,1
DA:7,1
DA:8,1
DA:11,3
LF:7
LH:7
BRDA:4,0,0,1
BRDA:4,0,1,1
BRF:2
BRH:2
end_of_record
TN:
SF:src/helpers/passwordhelpers.ts
FN:3,(anonymous_8)
FN:3,(anonymous_9)
FN:7,(anonymous_10)
FN:7,(anonymous_11)
FNF:4
FNH:4
FNDA:1,(anonymous_8)
FNDA:1,(anonymous_9)
FNDA:2,(anonymous_10)
FNDA:2,(anonymous_11)
DA:1,1
DA:3,1
DA:4,1
DA:7,2
DA:8,2
DA:11,1
LF:6
LH:6
BRF:0
BRH:0
end_of_record
TN:
SF:src/middleware/authentication.ts
FN:6,(anonymous_1)
FN:15,(anonymous_2)
FNF:2
FNH:2
FNDA:3,(anonymous_1)
FNDA:3,(anonymous_2)
DA:1,1
DA:4,1
DA:6,1
DA:8,3
DA:9,3
DA:11,3
DA:12,0
DA:15,3
DA:16,3
DA:17,0
DA:19,3
DA:20,3
LF:12
LH:10
BRDA:4,0,0,1
BRDA:4,0,1,1
BRDA:9,1,0,3
BRDA:9,1,1,3
BRDA:11,2,0,0
BRDA:11,2,1,3
BRDA:16,3,0,0
BRDA:16,3,1,3
BRF:8
BRH:6
end_of_record
TN:
SF:src/modules/message/controller/messageController.ts
FN:6,(anonymous_7)
FN:6,(anonymous_8)
FN:25,(anonymous_9)
FN:25,(anonymous_10)
FN:49,(anonymous_11)
FN:49,(anonymous_12)
FNF:6
FNH:6
FNDA:1,(anonymous_7)
FNDA:1,(anonymous_8)
FNDA:1,(anonymous_9)
FNDA:1,(anonymous_10)
FNDA:2,(anonymous_11)
FNDA:2,(anonymous_12)
DA:2,1
DA:6,1
DA:8,1
DA:9,1
DA:10,1
DA:11,1
DA:16,0
DA:25,1
DA:26,1
DA:27,1
DA:29,1
DA:30,0
DA:34,1
DA:40,0
DA:49,2
DA:50,2
DA:51,2
DA:52,2
DA:53,2
DA:54,1
DA:59,1
DA:60,1
DA:66,0
LF:23
LH:19
BRDA:29,0,0,0
BRDA:29,0,1,1
BRDA:29,1,0,1
BRDA:29,1,1,1
BRDA:53,2,0,1
BRDA:53,2,1,1
BRF:6
BRH:5
end_of_record
TN:
SF:src/modules/message/repository/messageRepo.ts
FN:4,(anonymous_8)
FN:4,(anonymous_9)
FN:8,(anonymous_10)
FN:8,(anonymous_11)
FN:12,(anonymous_12)
FN:12,(anonymous_13)
FN:16,(anonymous_14)
FN:16,(anonymous_15)
FNF:8
FNH:8
FNDA:1,(anonymous_8)
FNDA:1,(anonymous_9)
FNDA:1,(anonymous_10)
FNDA:1,(anonymous_11)
FNDA:2,(anonymous_12)
FNDA:2,(anonymous_13)
FNDA:1,(anonymous_14)
FNDA:1,(anonymous_15)
DA:1,1
DA:4,1
DA:5,1
DA:8,1
DA:9,1
DA:12,2
DA:13,2
DA:16,1
DA:17,1
DA:20,1
LF:10
LH:10
BRF:0
BRH:0
end_of_record
TN:
SF:src/modules/subscriber/controller/subscriberController.ts
FN:20,(anonymous_8)
FN:20,(anonymous_9)
FN:39,(anonymous_10)
FN:39,(anonymous_11)
FN:67,(anonymous_12)
FN:67,(anonymous_13)
FN:89,(anonymous_14)
FN:89,(anonymous_15)
FNF:8
FNH:8
FNDA:1,(anonymous_8)
FNDA:1,(anonymous_9)
FNDA:1,(anonymous_10)
FNDA:1,(anonymous_11)
FNDA:1,(anonymous_12)
FNDA:1,(anonymous_13)
FNDA:2,(anonymous_14)
FNDA:2,(anonymous_15)
DA:2,1
DA:3,1
DA:4,1
DA:6,1
DA:9,1
DA:20,1
DA:21,1
DA:22,1
DA:29,1
DA:30,1
DA:32,0
DA:39,1
DA:40,1
DA:41,1
DA:42,1
DA:43,1
DA:44,0
DA:49,1
DA:51,1
DA:53,1
DA:58,0
DA:67,1
DA:68,1
DA:69,1
DA:70,1
DA:71,0
DA:75,1
DA:81,0
DA:89,2
DA:90,2
DA:91,2
DA:92,2
DA:93,2
DA:94,1
DA:99,1
DA:100,1
DA:106,0
LF:37
LH:31
BRDA:43,0,0,0
BRDA:43,0,1,1
BRDA:70,1,0,0
BRDA:70,1,1,1
BRDA:70,2,0,1
BRDA:70,2,1,1
BRDA:93,3,0,1
BRDA:93,3,1,1
BRF:8
BRH:6
end_of_record
TN:
SF:src/modules/subscriber/repository/subscriberRepo.ts
FN:4,(anonymous_8)
FN:4,(anonymous_9)
FN:8,(anonymous_10)
FN:8,(anonymous_11)
FN:12,(anonymous_12)
FN:12,(anonymous_13)
FN:16,(anonymous_14)
FN:16,(anonymous_15)
FN:20,(anonymous_16)
FN:20,(anonymous_17)
FNF:10
FNH:10
FNDA:1,(anonymous_8)
FNDA:1,(anonymous_9)
FNDA:1,(anonymous_10)
FNDA:1,(anonymous_11)
FNDA:1,(anonymous_12)
FNDA:1,(anonymous_13)
FNDA:2,(anonymous_14)
FNDA:2,(anonymous_15)
FNDA:1,(anonymous_16)
FNDA:1,(anonymous_17)
DA:1,1
DA:4,1
DA:5,1
DA:8,1
DA:9,1
DA:12,1
DA:13,1
DA:16,2
DA:17,2
DA:20,1
DA:21,1
DA:24,1
LF:12
LH:12
BRF:0
BRH:0
end_of_record
TN:
SF:src/modules/user/controller/userController.ts
FN:7,(anonymous_7)
FN:7,(anonymous_8)
FN:42,(anonymous_9)
FN:42,(anonymous_10)
FN:80,(anonymous_11)
FN:80,(anonymous_12)
FN:103,(anonymous_13)
FN:103,(anonymous_14)
FNF:8
FNH:8
FNDA:3,(anonymous_7)
FNDA:3,(anonymous_8)
FNDA:3,(anonymous_9)
FNDA:3,(anonymous_10)
FNDA:1,(anonymous_11)
FNDA:1,(anonymous_12)
FNDA:2,(anonymous_13)
FNDA:2,(anonymous_14)
DA:2,1
DA:3,1
DA:7,3
DA:8,3
DA:9,3
DA:10,3
DA:11,3
DA:12,1
DA:17,2
DA:18,2
DA:19,1
DA:24,1
DA:25,1
DA:33,0
DA:42,3
DA:44,3
DA:45,3
DA:46,3
DA:47,1
DA:52,2
DA:54,2
DA:55,1
DA:60,1
DA:61,1
DA:66,1
DA:71,0
DA:80,1
DA:81,1
DA:82,1
DA:83,1
DA:84,0
DA:88,1
DA:94,0
DA:103,2
DA:104,2
DA:105,2
DA:107,2
DA:108,2
DA:109,1
DA:113,1
DA:114,1
DA:120,0
LF:42
LH:37
BRDA:11,0,0,1
BRDA:11,0,1,2
BRDA:18,1,0,1
BRDA:18,1,1,1
BRDA:46,2,0,1
BRDA:46,2,1,2
BRDA:46,3,0,3
BRDA:46,3,1,2
BRDA:46,3,2,2
BRDA:54,4,0,1
BRDA:54,4,1,1
BRDA:83,5,0,0
BRDA:83,5,1,1
BRDA:83,6,0,1
BRDA:83,6,1,1
BRDA:108,7,0,1
BRDA:108,7,1,1
BRF:17
BRH:16
end_of_record
TN:
SF:src/modules/user/repository/userRepo.ts
FN:4,(anonymous_8)
FN:4,(anonymous_9)
FN:8,(anonymous_10)
FN:8,(anonymous_11)
FN:12,(anonymous_12)
FN:12,(anonymous_13)
FN:16,(anonymous_14)
FN:16,(anonymous_15)
FN:20,(anonymous_16)
FN:20,(anonymous_17)
FNF:10
FNH:10
FNDA:1,(anonymous_8)
FNDA:1,(anonymous_9)
FNDA:1,(anonymous_10)
FNDA:1,(anonymous_11)
FNDA:2,(anonymous_12)
FNDA:2,(anonymous_13)
FNDA:5,(anonymous_14)
FNDA:5,(anonymous_15)
FNDA:1,(anonymous_16)
FNDA:1,(anonymous_17)
DA:1,1
DA:4,1
DA:5,1
DA:8,1
DA:9,1
DA:12,2
DA:13,2
DA:16,5
DA:17,5
DA:20,1
DA:21,1
DA:24,1
LF:12
LH:12
BRF:0
BRH:0
end_of_record
TN:
SF:src/routes/allRoutes.ts
FNF:0
FNH:0
DA:1,1
DA:3,1
DA:4,1
DA:5,1
DA:6,1
DA:8,1
DA:10,1
DA:11,1
DA:12,1
DA:13,1
DA:16,1
LF:11
LH:11
BRF:0
BRH:0
end_of_record
TN:
SF:src/routes/blogRoutes.ts
FNF:0
FNH:0
DA:1,1
DA:2,1
DA:3,1
DA:5,1
DA:59,1
DA:103,1
DA:152,1
DA:201,1
DA:247,1
DA:249,1
LF:10
LH:10
BRF:0
BRH:0
end_of_record
TN:
SF:src/routes/messageRoutes.ts
FNF:0
FNH:0
DA:1,1
DA:3,1
DA:5,1
DA:59,1
DA:96,1
DA:140,1
DA:143,1
LF:7
LH:7
BRF:0
BRH:0
end_of_record
TN:
SF:src/routes/subscriberRoutes.ts
FNF:0
FNH:0
DA:1,1
DA:2,1
DA:4,1
DA:47,1
DA:77,1
DA:109,1
DA:111,1
LF:7
LH:7
BRF:0
BRH:0
end_of_record
TN:
SF:src/routes/userRoutes.ts
FNF:0
FNH:0
DA:1,1
DA:2,1
DA:3,1
DA:5,1
DA:58,1
DA:110,1
DA:148,1
DA:192,1
DA:194,1
LF:9
LH:9
BRF:0
BRH:0
end_of_record
